<?xml version="1.0" encoding="UTF-8"?>
<!-- Generated by org.testng.reporters.JUnitReportReporter -->
<testsuite skipped="0" hostname="DESKTOP-KQJ0D4Q" name="pageOjectModel1.PageTest" tests="1" failures="0" timestamp="14 Mar 2021 06:00:27 GMT" time="16.686" errors="0">
  <testcase name="LoginPage" time="16.686" classname="pageOjectModel1.PageTest"/>
</testsuite> <!-- pageOjectModel1.PageTest -->
