<?xml version="1.0" encoding="UTF-8"?>
<!-- Generated by org.testng.reporters.JUnitReportReporter -->
<testsuite skipped="0" hostname="DESKTOP-KQJ0D4Q" name="pageObjectModel2.PageTest2" tests="1" failures="0" timestamp="14 Mar 2021 06:30:33 GMT" time="13.752" errors="0">
  <testcase name="LoginPage" time="13.752" classname="pageObjectModel2.PageTest2"/>
</testsuite> <!-- pageObjectModel2.PageTest2 -->
